[debug] [2021-04-27T08:51:18.210Z] ----------------------------------------------------------------------
[debug] [2021-04-27T08:51:18.212Z] Command:       /usr/bin/node /usr/bin/firebase init
[debug] [2021-04-27T08:51:18.213Z] CLI Version:   9.10.0
[debug] [2021-04-27T08:51:18.213Z] Platform:      linux
[debug] [2021-04-27T08:51:18.213Z] Node Version:  v16.0.0
[debug] [2021-04-27T08:51:18.213Z] Time:          Tue Apr 27 2021 14:21:18 GMT+0530 (India Standard Time)
[debug] [2021-04-27T08:51:18.213Z] ----------------------------------------------------------------------
[debug] 
[debug] [2021-04-27T08:51:18.215Z] >>> [apiv2][query] GET https://firebase-public.firebaseio.com/cli.json [none]
[debug] [2021-04-27T08:51:18.234Z] > command requires scopes: ["email","openid","https://www.googleapis.com/auth/cloudplatformprojects.readonly","https://www.googleapis.com/auth/firebase","https://www.googleapis.com/auth/cloud-platform"]
[debug] [2021-04-27T08:51:18.234Z] > authorizing via signed-in user (wahidx93@gmail.com)
[info] 
     ######## #### ########  ######## ########     ###     ######  ########
     ##        ##  ##     ## ##       ##     ##  ##   ##  ##       ##
     ######    ##  ########  ######   ########  #########  ######  ######
     ##        ##  ##    ##  ##       ##     ## ##     ##       ## ##
     ##       #### ##     ## ######## ########  ##     ##  ######  ########

You're about to initialize a Firebase project in this directory:

  /home/dro1dx/Documents/Projects/codeial-react

Before we get started, keep in mind:

  * You are initializing in an existing Firebase project directory

[debug] [2021-04-27T08:51:19.665Z] <<< [apiv2][status] GET https://firebase-public.firebaseio.com/cli.json 200
[debug] [2021-04-27T08:51:19.666Z] <<< [apiv2][body] GET https://firebase-public.firebaseio.com/cli.json {"cloudBuildErrorAfter":1594252800000,"cloudBuildWarnAfter":1590019200000,"defaultNode10After":1594252800000,"minVersion":"3.0.5","node8DeploysDisabledAfter":1613390400000,"node8RuntimeDisabledAfter":1615809600000,"node8WarnAfter":1600128000000}
[info] 
=== Project Setup
[info] 
[info] First, let's associate this project directory with a Firebase project.
[info] You can create multiple project aliases by running firebase use --add, 
[info] but for now we'll just set up a default project.
[info] 
[info] i  .firebaserc already has a default project, using codeialx-e1661. 
[debug] [2021-04-27T08:51:25.819Z] > refreshing access token with scopes: []
[debug] [2021-04-27T08:51:25.820Z] >>> HTTP REQUEST POST https://www.googleapis.com/oauth2/v3/token  
 <request body omitted>
[debug] [2021-04-27T08:51:26.171Z] <<< HTTP RESPONSE 200 {"date":"Tue, 27 Apr 2021 08:51:26 GMT","cache-control":"no-cache, no-store, max-age=0, must-revalidate","pragma":"no-cache","expires":"Mon, 01 Jan 1990 00:00:00 GMT","content-type":"application/json; charset=utf-8","vary":"X-Origin, Referer, Origin,Accept-Encoding","server":"scaffolding on HTTPServer2","x-xss-protection":"0","x-frame-options":"SAMEORIGIN","x-content-type-options":"nosniff","alt-svc":"h3-29=\":443\"; ma=2592000,h3-T051=\":443\"; ma=2592000,h3-Q050=\":443\"; ma=2592000,h3-Q046=\":443\"; ma=2592000,h3-Q043=\":443\"; ma=2592000,quic=\":443\"; ma=2592000; v=\"46,43\"","accept-ranges":"none","transfer-encoding":"chunked"}
[debug] [2021-04-27T08:51:26.177Z] >>> [apiv2][query] GET https://firebase.googleapis.com/v1beta1/projects/codeialx-e1661 [none]
[debug] [2021-04-27T08:51:26.829Z] <<< [apiv2][status] GET https://firebase.googleapis.com/v1beta1/projects/codeialx-e1661 200
[debug] [2021-04-27T08:51:26.829Z] <<< [apiv2][body] GET https://firebase.googleapis.com/v1beta1/projects/codeialx-e1661 {"projectId":"codeialx-e1661","projectNumber":"546518601365","displayName":"codeialx","name":"projects/codeialx-e1661","resources":{"hostingSite":"codeialx-e1661"},"state":"ACTIVE"}
[info] 
=== Hosting Setup
[info] 
[info] Your public directory is the folder (relative to your project directory) that
[info] will contain Hosting assets to be uploaded with firebase deploy. If you
[info] have a build process for your assets, use your build's output directory.
[info] 
